<?xml version="1.0" encoding="UTF-8"?>
<!-- Generated by org.testng.reporters.JUnitXMLReporter -->
<testsuite hostname="DESKTOP-PF6LSMM" ignored="0" name="Default test" tests="3" failures="0" timestamp="03 Jul 2018 16:27:28 GMT" time="28.786" errors="0">
  <testcase name="createNewCustomer" time="6.281" classname="com.banking.automation.testcases.TestBankingFunction"/>
  <testcase name="createNewAccount" time="2.73" classname="com.banking.automation.testcases.TestBankingFunction"/>
  <testcase name="deposit" time="2.801" classname="com.banking.automation.testcases.TestBankingFunction"/>
</testsuite> <!-- Default test -->
