<?xml version="1.0" encoding="UTF-8"?>
<testng-results skipped="0" failed="0" ignored="0" total="3" passed="3">
  <reporter-output>
  </reporter-output>
  <suite name="Default suite" duration-ms="28786" started-at="2018-07-03T16:26:59Z" finished-at="2018-07-03T16:27:28Z">
    <groups>
    </groups>
    <test name="Default test" duration-ms="28786" started-at="2018-07-03T16:26:59Z" finished-at="2018-07-03T16:27:28Z">
      <class name="com.banking.automation.testcases.TestBankingFunction">
        <test-method status="PASS" signature="openBrowserAndGoToApplication()[pri:0, instance:com.banking.automation.testcases.TestBankingFunction@76a3e297]" name="openBrowserAndGoToApplication" is-config="true" duration-ms="13627" started-at="2018-07-03T16:26:59Z" finished-at="2018-07-03T16:27:13Z">
          <reporter-output>
          </reporter-output>
        </test-method> <!-- openBrowserAndGoToApplication -->
        <test-method status="PASS" signature="LoginToApplication()[pri:0, instance:com.banking.automation.testcases.TestBankingFunction@76a3e297]" name="LoginToApplication" is-config="true" duration-ms="1934" started-at="2018-07-03T16:27:13Z" finished-at="2018-07-03T16:27:15Z">
          <reporter-output>
          </reporter-output>
        </test-method> <!-- LoginToApplication -->
        <test-method status="PASS" signature="beforeMethod(java.lang.reflect.Method)[pri:0, instance:com.banking.automation.testcases.TestBankingFunction@76a3e297]" name="beforeMethod" is-config="true" duration-ms="10" started-at="2018-07-03T16:27:15Z" finished-at="2018-07-03T16:27:15Z">
          <params>
            <param index="0">
              <value>
                <![CDATA[public void com.banking.automation.testcases.TestBankingFunction.createNewCustomer() throws java.io.IOException]]>
              </value>
            </param>
          </params>
          <reporter-output>
          </reporter-output>
        </test-method> <!-- beforeMethod -->
        <test-method status="PASS" signature="createNewCustomer()[pri:0, instance:com.banking.automation.testcases.TestBankingFunction@76a3e297]" name="createNewCustomer" duration-ms="6281" started-at="2018-07-03T16:27:15Z" finished-at="2018-07-03T16:27:21Z">
          <reporter-output>
          </reporter-output>
        </test-method> <!-- createNewCustomer -->
        <test-method status="PASS" signature="afterMethod(org.testng.ITestResult)[pri:0, instance:com.banking.automation.testcases.TestBankingFunction@76a3e297]" name="afterMethod" is-config="true" duration-ms="1" started-at="2018-07-03T16:27:21Z" finished-at="2018-07-03T16:27:21Z">
          <params>
            <param index="0">
              <value>
                <![CDATA[[TestResult name=createNewCustomer status=SUCCESS method=TestBankingFunction.createNewCustomer()[pri:0, instance:com.banking.automation.testcases.TestBankingFunction@76a3e297] output={null}]]]>
              </value>
            </param>
          </params>
          <reporter-output>
          </reporter-output>
        </test-method> <!-- afterMethod -->
        <test-method status="PASS" signature="beforeMethod(java.lang.reflect.Method)[pri:0, instance:com.banking.automation.testcases.TestBankingFunction@76a3e297]" name="beforeMethod" is-config="true" duration-ms="1" started-at="2018-07-03T16:27:21Z" finished-at="2018-07-03T16:27:21Z">
          <params>
            <param index="0">
              <value>
                <![CDATA[public void com.banking.automation.testcases.TestBankingFunction.createNewAccount() throws java.lang.NumberFormatException,java.io.IOException]]>
              </value>
            </param>
          </params>
          <reporter-output>
          </reporter-output>
        </test-method> <!-- beforeMethod -->
        <test-method status="PASS" signature="createNewAccount()[pri:1, instance:com.banking.automation.testcases.TestBankingFunction@76a3e297]" name="createNewAccount" duration-ms="2730" started-at="2018-07-03T16:27:21Z" finished-at="2018-07-03T16:27:24Z">
          <reporter-output>
          </reporter-output>
        </test-method> <!-- createNewAccount -->
        <test-method status="PASS" signature="afterMethod(org.testng.ITestResult)[pri:0, instance:com.banking.automation.testcases.TestBankingFunction@76a3e297]" name="afterMethod" is-config="true" duration-ms="0" started-at="2018-07-03T16:27:24Z" finished-at="2018-07-03T16:27:24Z">
          <params>
            <param index="0">
              <value>
                <![CDATA[[TestResult name=createNewAccount status=SUCCESS method=TestBankingFunction.createNewAccount()[pri:1, instance:com.banking.automation.testcases.TestBankingFunction@76a3e297] output={null}]]]>
              </value>
            </param>
          </params>
          <reporter-output>
          </reporter-output>
        </test-method> <!-- afterMethod -->
        <test-method status="PASS" signature="deposit()[pri:2, instance:com.banking.automation.testcases.TestBankingFunction@76a3e297]" name="deposit" duration-ms="2801" started-at="2018-07-03T16:27:24Z" finished-at="2018-07-03T16:27:27Z">
          <reporter-output>
          </reporter-output>
        </test-method> <!-- deposit -->
        <test-method status="PASS" signature="beforeMethod(java.lang.reflect.Method)[pri:0, instance:com.banking.automation.testcases.TestBankingFunction@76a3e297]" name="beforeMethod" is-config="true" duration-ms="0" started-at="2018-07-03T16:27:24Z" finished-at="2018-07-03T16:27:24Z">
          <params>
            <param index="0">
              <value>
                <![CDATA[public void com.banking.automation.testcases.TestBankingFunction.deposit() throws java.lang.NumberFormatException,java.io.IOException]]>
              </value>
            </param>
          </params>
          <reporter-output>
          </reporter-output>
        </test-method> <!-- beforeMethod -->
        <test-method status="PASS" signature="afterMethod(org.testng.ITestResult)[pri:0, instance:com.banking.automation.testcases.TestBankingFunction@76a3e297]" name="afterMethod" is-config="true" duration-ms="0" started-at="2018-07-03T16:27:27Z" finished-at="2018-07-03T16:27:27Z">
          <params>
            <param index="0">
              <value>
                <![CDATA[[TestResult name=deposit status=SUCCESS method=TestBankingFunction.deposit()[pri:2, instance:com.banking.automation.testcases.TestBankingFunction@76a3e297] output={null}]]]>
              </value>
            </param>
          </params>
          <reporter-output>
          </reporter-output>
        </test-method> <!-- afterMethod -->
        <test-method status="PASS" signature="endTest()[pri:0, instance:com.banking.automation.testcases.TestBankingFunction@76a3e297]" name="endTest" is-config="true" duration-ms="1364" started-at="2018-07-03T16:27:27Z" finished-at="2018-07-03T16:27:28Z">
          <reporter-output>
          </reporter-output>
        </test-method> <!-- endTest -->
      </class> <!-- com.banking.automation.testcases.TestBankingFunction -->
    </test> <!-- Default test -->
  </suite> <!-- Default suite -->
</testng-results>
